Starting iPhone product scraper...
Configured regions: US, TW
[DEBUG] Discovered valid models: iphone-16, iphone-16e, iphone-17, iphone-17-pro, iphone-air
[DEBUG] Discovered valid models: iphone-16, iphone-16e, iphone-17, iphone-17-pro, iphone-air
[DEBUG] Found models across all regions: iphone-16, iphone-16e, iphone-17, iphone-17-pro, iphone-air
[DEBUG] Fetching products from https://www.apple.com/shop/buy-iphone/iphone-16 for region US
[DEBUG] Found 15 products via metrics for region US
[DEBUG] Standardizing: 'iphone 16 plus 128gb teal'
[DEBUG] Standardized result: 'iphone16plus_128gb_teal'
[DEBUG] Standardizing: 'iphone 16 plus 128gb ultramarine'
[DEBUG] Standardized result: 'iphone16plus_128gb_ultramarine'
[DEBUG] Standardizing: 'iphone 16 plus 128gb pink'
[DEBUG] Standardized result: 'iphone16plus_128gb_pink'
[DEBUG] Standardizing: 'iphone 16 plus 128gb white'
[DEBUG] Standardized result: 'iphone16plus_128gb_white'
[DEBUG] Standardizing: 'iphone 16 plus 256gb black'
[DEBUG] Standardized result: 'iphone16plus_256gb_black'
[DEBUG] Standardizing: 'iphone 16 plus 256gb pink'
[DEBUG] Standardized result: 'iphone16plus_256gb_pink'
[DEBUG] Standardizing: 'iphone 16 plus 256gb white'
[DEBUG] Standardized result: 'iphone16plus_256gb_white'
[DEBUG] Standardizing: 'iphone 16 plus 128gb black'
[DEBUG] Standardized result: 'iphone16plus_128gb_black'
[DEBUG] Standardizing: 'iphone 16 plus 256gb teal'
[DEBUG] Standardized result: 'iphone16plus_256gb_teal'
[DEBUG] Standardizing: 'iphone 16 plus 256gb ultramarine'
[DEBUG] Standardized result: 'iphone16plus_256gb_ultramarine'
[DEBUG] Standardizing: 'iphone 16 128gb pink'
[DEBUG] Standardized result: 'iphone16_128gb_pink'
[DEBUG] Standardizing: 'iphone 16 128gb white'
[DEBUG] Standardized result: 'iphone16_128gb_white'
[DEBUG] Standardizing: 'iphone 16 128gb black'
[DEBUG] Standardized result: 'iphone16_128gb_black'
[DEBUG] Standardizing: 'iphone 16 128gb ultramarine'
[DEBUG] Standardized result: 'iphone16_128gb_ultramarine'
[DEBUG] Standardizing: 'iphone 16 128gb teal'
[DEBUG] Standardized result: 'iphone16_128gb_teal'
[DEBUG] Fetching products from https://www.apple.com/tw/shop/buy-iphone/iphone-16 for region TW
[DEBUG] Found 15 products via metrics for region TW
[DEBUG] Standardizing: 'iphone 16 plus 256gb ultramarine'
[DEBUG] Standardized result: 'iphone16plus_256gb_ultramarine'
[DEBUG] Standardizing: 'iphone 16 plus 256gb pink'
[DEBUG] Standardized result: 'iphone16plus_256gb_pink'
[DEBUG] Standardizing: 'iphone 16 plus 256gb teal'
[DEBUG] Standardized result: 'iphone16plus_256gb_teal'
[DEBUG] Standardizing: 'iphone 16 plus 128gb white'
[DEBUG] Standardized result: 'iphone16plus_128gb_white'
[DEBUG] Standardizing: 'iphone 16 plus 128gb black'
[DEBUG] Standardized result: 'iphone16plus_128gb_black'
[DEBUG] Standardizing: 'iphone 16 plus 128gb teal'
[DEBUG] Standardized result: 'iphone16plus_128gb_teal'
[DEBUG] Standardizing: 'iphone 16 plus 128gb ultramarine'
[DEBUG] Standardized result: 'iphone16plus_128gb_ultramarine'
[DEBUG] Standardizing: 'iphone 16 plus 128gb pink'
[DEBUG] Standardized result: 'iphone16plus_128gb_pink'
[DEBUG] Standardizing: 'iphone 16 plus 256gb black'
[DEBUG] Standardized result: 'iphone16plus_256gb_black'
[DEBUG] Standardizing: 'iphone 16 plus 256gb white'
[DEBUG] Standardized result: 'iphone16plus_256gb_white'
[DEBUG] Standardizing: 'iphone 16 128gb white'
[DEBUG] Standardized result: 'iphone16_128gb_white'
[DEBUG] Standardizing: 'iphone 16 128gb black'
[DEBUG] Standardized result: 'iphone16_128gb_black'
[DEBUG] Standardizing: 'iphone 16 128gb pink'
[DEBUG] Standardized result: 'iphone16_128gb_pink'
[DEBUG] Standardizing: 'iphone 16 128gb teal'
[DEBUG] Standardized result: 'iphone16_128gb_teal'
[DEBUG] Standardizing: 'iphone 16 128gb ultramarine'
[DEBUG] Standardized result: 'iphone16_128gb_ultramarine'
[DEBUG] Fetching products from https://www.apple.com/shop/buy-iphone/iphone-16e for region US
[DEBUG] Found 6 products via metrics for region US
[DEBUG] Standardizing: 'iphone 16e 512gb black'
[DEBUG] Standardized result: 'iphone16e_512gb_black'
[DEBUG] Standardizing: 'iphone 16e 256gb white'
[DEBUG] Standardized result: 'iphone16e_256gb_white'
[DEBUG] Standardizing: 'iphone 16e 512gb white'
[DEBUG] Standardized result: 'iphone16e_512gb_white'
[DEBUG] Standardizing: 'iphone 16e 128gb white'
[DEBUG] Standardized result: 'iphone16e_128gb_white'
[DEBUG] Standardizing: 'iphone 16e 256gb black'
[DEBUG] Standardized result: 'iphone16e_256gb_black'
[DEBUG] Standardizing: 'iphone 16e 128gb black'
[DEBUG] Standardized result: 'iphone16e_128gb_black'
[DEBUG] Fetching products from https://www.apple.com/tw/shop/buy-iphone/iphone-16e for region TW
[DEBUG] Found 6 products via metrics for region TW
[DEBUG] Standardizing: 'iphone 16e 256gb black'
[DEBUG] Standardized result: 'iphone16e_256gb_black'
[DEBUG] Standardizing: 'iphone 16e 128gb white'
[DEBUG] Standardized result: 'iphone16e_128gb_white'
[DEBUG] Standardizing: 'iphone 16e 512gb black'
[DEBUG] Standardized result: 'iphone16e_512gb_black'
[DEBUG] Standardizing: 'iphone 16e 128gb black'
[DEBUG] Standardized result: 'iphone16e_128gb_black'
[DEBUG] Standardizing: 'iphone 16e 512gb white'
[DEBUG] Standardized result: 'iphone16e_512gb_white'
[DEBUG] Standardizing: 'iphone 16e 256gb white'
[DEBUG] Standardized result: 'iphone16e_256gb_white'
[DEBUG] Fetching products from https://www.apple.com/shop/buy-iphone/iphone-17 for region US
[DEBUG] Found 10 products via metrics for region US
[DEBUG] Standardizing: 'iphone 17 256gb mist blue'
[DEBUG] Standardized result: 'iphone17_256gb_blue'
[DEBUG] Standardizing: 'iphone 17 512gb mist blue'
[DEBUG] Standardized result: 'iphone17_512gb_blue'
[DEBUG] Standardizing: 'iphone 17 256gb lavender'
[DEBUG] Standardized result: 'iphone17_256gb_lavender'
[DEBUG] Standardizing: 'iphone 17 256gb black'
[DEBUG] Standardized result: 'iphone17_256gb_black'
[DEBUG] Standardizing: 'iphone 17 512gb white'
[DEBUG] Standardized result: 'iphone17_512gb_white'
[DEBUG] Standardizing: 'iphone 17 256gb white'
[DEBUG] Standardized result: 'iphone17_256gb_white'
[DEBUG] Standardizing: 'iphone 17 512gb lavender'
[DEBUG] Standardized result: 'iphone17_512gb_lavender'
[DEBUG] Standardizing: 'iphone 17 512gb sage'
[DEBUG] Standardized result: 'iphone17_512gb_sage'
[DEBUG] Standardizing: 'iphone 17 256gb sage'
[DEBUG] Standardized result: 'iphone17_256gb_sage'
[DEBUG] Standardizing: 'iphone 17 512gb black'
[DEBUG] Standardized result: 'iphone17_512gb_black'
[DEBUG] Fetching products from https://www.apple.com/tw/shop/buy-iphone/iphone-17 for region TW
[DEBUG] Found 10 products via metrics for region TW
[DEBUG] Standardizing: 'iphone 17 256gb mist blue'
[DEBUG] Standardized result: 'iphone17_256gb_blue'
[DEBUG] Standardizing: 'iphone 17 256gb lavender'
[DEBUG] Standardized result: 'iphone17_256gb_lavender'
[DEBUG] Standardizing: 'iphone 17 256gb black'
[DEBUG] Standardized result: 'iphone17_256gb_black'
[DEBUG] Standardizing: 'iphone 17 256gb white'
[DEBUG] Standardized result: 'iphone17_256gb_white'
[DEBUG] Standardizing: 'iphone 17 512gb white'
[DEBUG] Standardized result: 'iphone17_512gb_white'
[DEBUG] Standardizing: 'iphone 17 512gb black'
[DEBUG] Standardized result: 'iphone17_512gb_black'
[DEBUG] Standardizing: 'iphone 17 256gb sage'
[DEBUG] Standardized result: 'iphone17_256gb_sage'
[DEBUG] Standardizing: 'iphone 17 512gb lavender'
[DEBUG] Standardized result: 'iphone17_512gb_lavender'
[DEBUG] Standardizing: 'iphone 17 512gb sage'
[DEBUG] Standardized result: 'iphone17_512gb_sage'
[DEBUG] Standardizing: 'iphone 17 512gb mist blue'
[DEBUG] Standardized result: 'iphone17_512gb_blue'
[DEBUG] Fetching products from https://www.apple.com/shop/buy-iphone/iphone-17-pro for region US
[DEBUG] Found 21 products via metrics for region US
[DEBUG] Standardizing: 'iphone 17 pro max 2tb silver'
[DEBUG] Standardized result: 'iphone17promax_2tb_silver'
[DEBUG] Standardizing: 'iphone 17 pro max 2tb cosmic orange'
[DEBUG] Standardized result: 'iphone17promax_2tb_cosmicorange'
[DEBUG] Standardizing: 'iphone 17 pro max 1tb cosmic orange'
[DEBUG] Standardized result: 'iphone17promax_1tb_cosmicorange'
[DEBUG] Standardizing: 'iphone 17 pro max 1tb deep blue'
[DEBUG] Standardized result: 'iphone17promax_1tb_deepblue'
[DEBUG] Standardizing: 'iphone 17 pro max 2tb deep blue'
[DEBUG] Standardized result: 'iphone17promax_2tb_deepblue'
[DEBUG] Standardizing: 'iphone 17 pro max 256gb silver'
[DEBUG] Standardized result: 'iphone17promax_256gb_silver'
[DEBUG] Standardizing: 'iphone 17 pro max 256gb deep blue'
[DEBUG] Standardized result: 'iphone17promax_256gb_deepblue'
[DEBUG] Standardizing: 'iphone 17 pro max 512gb silver'
[DEBUG] Standardized result: 'iphone17promax_512gb_silver'
[DEBUG] Standardizing: 'iphone 17 pro max 256gb cosmic orange'
[DEBUG] Standardized result: 'iphone17promax_256gb_cosmicorange'
[DEBUG] Standardizing: 'iphone 17 pro max 1tb silver'
[DEBUG] Standardized result: 'iphone17promax_1tb_silver'
[DEBUG] Standardizing: 'iphone 17 pro max 512gb cosmic orange'
[DEBUG] Standardized result: 'iphone17promax_512gb_cosmicorange'
[DEBUG] Standardizing: 'iphone 17 pro max 512gb deep blue'
[DEBUG] Standardized result: 'iphone17promax_512gb_deepblue'
[DEBUG] Standardizing: 'iphone 17 pro 512gb silver'
[DEBUG] Standardized result: 'iphone17pro_512gb_silver'
[DEBUG] Standardizing: 'iphone 17 pro 256gb cosmic orange'
[DEBUG] Standardized result: 'iphone17pro_256gb_cosmicorange'
[DEBUG] Standardizing: 'iphone 17 pro 256gb deep blue'
[DEBUG] Standardized result: 'iphone17pro_256gb_deepblue'
[DEBUG] Standardizing: 'iphone 17 pro 1tb cosmic orange'
[DEBUG] Standardized result: 'iphone17pro_1tb_cosmicorange'
[DEBUG] Standardizing: 'iphone 17 pro 512gb cosmic orange'
[DEBUG] Standardized result: 'iphone17pro_512gb_cosmicorange'
[DEBUG] Standardizing: 'iphone 17 pro 1tb silver'
[DEBUG] Standardized result: 'iphone17pro_1tb_silver'
[DEBUG] Standardizing: 'iphone 17 pro 512gb deep blue'
[DEBUG] Standardized result: 'iphone17pro_512gb_deepblue'
[DEBUG] Standardizing: 'iphone 17 pro 1tb deep blue'
[DEBUG] Standardized result: 'iphone17pro_1tb_deepblue'
[DEBUG] Standardizing: 'iphone 17 pro 256gb silver'
[DEBUG] Standardized result: 'iphone17pro_256gb_silver'
[DEBUG] Fetching products from https://www.apple.com/tw/shop/buy-iphone/iphone-17-pro for region TW
[DEBUG] Found 21 products via metrics for region TW
[DEBUG] Standardizing: 'iphone 17 pro max 512gb deep blue'
[DEBUG] Standardized result: 'iphone17promax_512gb_deepblue'
[DEBUG] Standardizing: 'iphone 17 pro max 512gb cosmic orange'
[DEBUG] Standardized result: 'iphone17promax_512gb_cosmicorange'
[DEBUG] Standardizing: 'iphone 17 pro max 1tb silver'
[DEBUG] Standardized result: 'iphone17promax_1tb_silver'
[DEBUG] Standardizing: 'iphone 17 pro max 2tb silver'
[DEBUG] Standardized result: 'iphone17promax_2tb_silver'
[DEBUG] Standardizing: 'iphone 17 pro max 1tb cosmic orange'
[DEBUG] Standardized result: 'iphone17promax_1tb_cosmicorange'
[DEBUG] Standardizing: 'iphone 17 pro max 1tb deep blue'
[DEBUG] Standardized result: 'iphone17promax_1tb_deepblue'
[DEBUG] Standardizing: 'iphone 17 pro max 2tb cosmic orange'
[DEBUG] Standardized result: 'iphone17promax_2tb_cosmicorange'
[DEBUG] Standardizing: 'iphone 17 pro max 2tb deep blue'
[DEBUG] Standardized result: 'iphone17promax_2tb_deepblue'
[DEBUG] Standardizing: 'iphone 17 pro max 256gb silver'
[DEBUG] Standardized result: 'iphone17promax_256gb_silver'
[DEBUG] Standardizing: 'iphone 17 pro max 256gb deep blue'
[DEBUG] Standardized result: 'iphone17promax_256gb_deepblue'
[DEBUG] Standardizing: 'iphone 17 pro max 512gb silver'
[DEBUG] Standardized result: 'iphone17promax_512gb_silver'
[DEBUG] Standardizing: 'iphone 17 pro max 256gb cosmic orange'
[DEBUG] Standardized result: 'iphone17promax_256gb_cosmicorange'
[DEBUG] Standardizing: 'iphone 17 pro 1tb silver'
[DEBUG] Standardized result: 'iphone17pro_1tb_silver'
[DEBUG] Standardizing: 'iphone 17 pro 1tb cosmic orange'
[DEBUG] Standardized result: 'iphone17pro_1tb_cosmicorange'
[DEBUG] Standardizing: 'iphone 17 pro 512gb deep blue'
[DEBUG] Standardized result: 'iphone17pro_512gb_deepblue'
[DEBUG] Standardizing: 'iphone 17 pro 1tb deep blue'
[DEBUG] Standardized result: 'iphone17pro_1tb_deepblue'
[DEBUG] Standardizing: 'iphone 17 pro 256gb cosmic orange'
[DEBUG] Standardized result: 'iphone17pro_256gb_cosmicorange'
[DEBUG] Standardizing: 'iphone 17 pro 256gb silver'
[DEBUG] Standardized result: 'iphone17pro_256gb_silver'
[DEBUG] Standardizing: 'iphone 17 pro 512gb cosmic orange'
[DEBUG] Standardized result: 'iphone17pro_512gb_cosmicorange'
[DEBUG] Standardizing: 'iphone 17 pro 256gb deep blue'
[DEBUG] Standardized result: 'iphone17pro_256gb_deepblue'
[DEBUG] Standardizing: 'iphone 17 pro 512gb silver'
[DEBUG] Standardized result: 'iphone17pro_512gb_silver'
[DEBUG] Fetching products from https://www.apple.com/shop/buy-iphone/iphone-air for region US
[DEBUG] Found 12 products via metrics for region US
[DEBUG] Standardizing: 'iphone air 1tb sky blue'
[DEBUG] Standardized result: 'iphoneair1tb_1tb_skyblue'
[DEBUG] Standardizing: 'iphone air 256gb light gold'
[DEBUG] Standardized result: 'iphoneair256gb_256gb_lightgold'
[DEBUG] Standardizing: 'iphone air 512gb cloud white'
[DEBUG] Standardized result: 'iphoneair512gb_512gb_cloudwhite'
[DEBUG] Standardizing: 'iphone air 256gb sky blue'
[DEBUG] Standardized result: 'iphoneair256gb_256gb_skyblue'
[DEBUG] Standardizing: 'iphone air 512gb space black'
[DEBUG] Standardized result: 'iphoneair512gb_512gb_spaceblack'
[DEBUG] Standardizing: 'iphone air 512gb sky blue'
[DEBUG] Standardized result: 'iphoneair512gb_512gb_skyblue'
[DEBUG] Standardizing: 'iphone air 1tb space black'
[DEBUG] Standardized result: 'iphoneair1tb_1tb_spaceblack'
[DEBUG] Standardizing: 'iphone air 256gb space black'
[DEBUG] Standardized result: 'iphoneair256gb_256gb_spaceblack'
[DEBUG] Standardizing: 'iphone air 512gb light gold'
[DEBUG] Standardized result: 'iphoneair512gb_512gb_lightgold'
[DEBUG] Standardizing: 'iphone air 256gb cloud white'
[DEBUG] Standardized result: 'iphoneair256gb_256gb_cloudwhite'
[DEBUG] Standardizing: 'iphone air 1tb light gold'
[DEBUG] Standardized result: 'iphoneair1tb_1tb_lightgold'
[DEBUG] Standardizing: 'iphone air 1tb cloud white'
[DEBUG] Standardized result: 'iphoneair1tb_1tb_cloudwhite'
[DEBUG] Fetching products from https://www.apple.com/tw/shop/buy-iphone/iphone-air for region TW
[DEBUG] Found 12 products via metrics for region TW
[DEBUG] Standardizing: 'iphone air 512gb light gold'
[DEBUG] Standardized result: 'iphoneair512gb_512gb_lightgold'
[DEBUG] Standardizing: 'iphone air 512gb sky blue'
[DEBUG] Standardized result: 'iphoneair512gb_512gb_skyblue'
[DEBUG] Standardizing: 'iphone air 512gb cloud white'
[DEBUG] Standardized result: 'iphoneair512gb_512gb_cloudwhite'
[DEBUG] Standardizing: 'iphone air 1tb light gold'
[DEBUG] Standardized result: 'iphoneair1tb_1tb_lightgold'
[DEBUG] Standardizing: 'iphone air 1tb space black'
[DEBUG] Standardized result: 'iphoneair1tb_1tb_spaceblack'
[DEBUG] Standardizing: 'iphone air 1tb cloud white'
[DEBUG] Standardized result: 'iphoneair1tb_1tb_cloudwhite'
[DEBUG] Standardizing: 'iphone air 256gb cloud white'
[DEBUG] Standardized result: 'iphoneair256gb_256gb_cloudwhite'
[DEBUG] Standardizing: 'iphone air 256gb space black'
[DEBUG] Standardized result: 'iphoneair256gb_256gb_spaceblack'
[DEBUG] Standardizing: 'iphone air 256gb light gold'
[DEBUG] Standardized result: 'iphoneair256gb_256gb_lightgold'
[DEBUG] Standardizing: 'iphone air 512gb space black'
[DEBUG] Standardized result: 'iphoneair512gb_512gb_spaceblack'
[DEBUG] Standardizing: 'iphone air 1tb sky blue'
[DEBUG] Standardized result: 'iphoneair1tb_1tb_skyblue'
[DEBUG] Standardizing: 'iphone air 256gb sky blue'
[DEBUG] Standardized result: 'iphoneair256gb_256gb_skyblue'

Results:
   SKU_US SKU_TW  Price_US  Price_TW                  PRODUCT_NAME
0   MYAP3  MYE73     729.0   25900.0         iPhone 16 128GB Black
1   MYAR3  MYEA3     729.0   25900.0          iPhone 16 128GB Pink
2   MYAW3  MYED3     729.0   25900.0          iPhone 16 128GB Teal
3   MYAT3  MYEC3     729.0   25900.0   iPhone 16 128GB Ultramarine
4   MYAQ3  MYE93     729.0   25900.0         iPhone 16 128GB White
..    ...    ...       ...       ...                           ...
59  MG184  MG2L4     999.0   36900.0  iPhone Air 256GB Space Black
60  MG1G4  MG2T4    1199.0   43900.0  iPhone Air 512GB Cloud White
61  MG1H4  MG2U4    1199.0   43900.0   iPhone Air 512GB Light Gold
62  MG1J4  MG2V4    1199.0   43900.0     iPhone Air 512GB Sky Blue
63  MG1E4  MG2Q4    1199.0   43900.0  iPhone Air 512GB Space Black

[64 rows x 5 columns]

Saved consolidated results to iphone_products_merged.csv

Chart saved to price_diff.png

Total unique products found: 18
Products found in US: 18
Products found in TW: 18
